Determining if the pthread_create exist failed with the following output:
Change Dir: /home/bigboi/Drone/FlightController/build/CMakeFiles/CMakeTmp

Run Build Command:"/usr/bin/make" "cmTC_5ef6a/fast"
/usr/bin/make -f CMakeFiles/cmTC_5ef6a.dir/build.make CMakeFiles/cmTC_5ef6a.dir/build
make[1]: Entering directory '/home/bigboi/Drone/FlightController/build/CMakeFiles/CMakeTmp'
Building C object CMakeFiles/cmTC_5ef6a.dir/CheckSymbolExists.c.o
/usr/bin/clang-6.0    -o CMakeFiles/cmTC_5ef6a.dir/CheckSymbolExists.c.o   -c /home/bigboi/Drone/FlightController/build/CMakeFiles/CMakeTmp/CheckSymbolExists.c
Linking C executable cmTC_5ef6a
/usr/bin/cmake -E cmake_link_script CMakeFiles/cmTC_5ef6a.dir/link.txt --verbose=1
/usr/bin/clang-6.0      -rdynamic CMakeFiles/cmTC_5ef6a.dir/CheckSymbolExists.c.o  -o cmTC_5ef6a 
CMakeFiles/cmTC_5ef6a.dir/CheckSymbolExists.c.o: In function `main':
CheckSymbolExists.c:(.text+0x19): undefined reference to `pthread_create'
clang: error: linker command failed with exit code 1 (use -v to see invocation)
CMakeFiles/cmTC_5ef6a.dir/build.make:97: recipe for target 'cmTC_5ef6a' failed
make[1]: *** [cmTC_5ef6a] Error 1
make[1]: Leaving directory '/home/bigboi/Drone/FlightController/build/CMakeFiles/CMakeTmp'
Makefile:126: recipe for target 'cmTC_5ef6a/fast' failed
make: *** [cmTC_5ef6a/fast] Error 2

File /home/bigboi/Drone/FlightController/build/CMakeFiles/CMakeTmp/CheckSymbolExists.c:
/* */
#include <pthread.h>

int main(int argc, char** argv)
{
  (void)argv;
#ifndef pthread_create
  return ((int*)(&pthread_create))[argc];
#else
  (void)argc;
  return 0;
#endif
}

Determining if the function pthread_create exists in the pthreads failed with the following output:
Change Dir: /home/bigboi/Drone/FlightController/build/CMakeFiles/CMakeTmp

Run Build Command:"/usr/bin/make" "cmTC_3f080/fast"
/usr/bin/make -f CMakeFiles/cmTC_3f080.dir/build.make CMakeFiles/cmTC_3f080.dir/build
make[1]: Entering directory '/home/bigboi/Drone/FlightController/build/CMakeFiles/CMakeTmp'
Building C object CMakeFiles/cmTC_3f080.dir/CheckFunctionExists.c.o
/usr/bin/clang-6.0   -DCHECK_FUNCTION_EXISTS=pthread_create   -o CMakeFiles/cmTC_3f080.dir/CheckFunctionExists.c.o   -c /usr/share/cmake-3.10/Modules/CheckFunctionExists.c
Linking C executable cmTC_3f080
/usr/bin/cmake -E cmake_link_script CMakeFiles/cmTC_3f080.dir/link.txt --verbose=1
/usr/bin/clang-6.0  -DCHECK_FUNCTION_EXISTS=pthread_create    -rdynamic CMakeFiles/cmTC_3f080.dir/CheckFunctionExists.c.o  -o cmTC_3f080 -lpthreads 
/usr/bin/ld: cannot find -lpthreads
clang: error: linker command failed with exit code 1 (use -v to see invocation)
CMakeFiles/cmTC_3f080.dir/build.make:97: recipe for target 'cmTC_3f080' failed
make[1]: *** [cmTC_3f080] Error 1
make[1]: Leaving directory '/home/bigboi/Drone/FlightController/build/CMakeFiles/CMakeTmp'
Makefile:126: recipe for target 'cmTC_3f080/fast' failed
make: *** [cmTC_3f080/fast] Error 2


