The system is: Linux - 5.3.0-53-generic - x86_64
Compiling the C compiler identification source file "CMakeCCompilerId.c" succeeded.
Compiler: /usr/bin/clang-6.0 
Build flags: 
Id flags:  

The output was:
0


Compilation of the C compiler identification source "CMakeCCompilerId.c" produced "a.out"

The C compiler identification is Clang, found in "/home/bigboi/Drone/FlightController/build/CMakeFiles/3.10.2/CompilerIdC/a.out"

Compiling the CXX compiler identification source file "CMakeCXXCompilerId.cpp" succeeded.
Compiler: /usr/bin/clang++-6.0 
Build flags: 
Id flags:  

The output was:
0


Compilation of the CXX compiler identification source "CMakeCXXCompilerId.cpp" produced "a.out"

The CXX compiler identification is Clang, found in "/home/bigboi/Drone/FlightController/build/CMakeFiles/3.10.2/CompilerIdCXX/a.out"

Determining if the C compiler works passed with the following output:
Change Dir: /home/bigboi/Drone/FlightController/build/CMakeFiles/CMakeTmp

Run Build Command:"/usr/bin/make" "cmTC_13b8a/fast"
/usr/bin/make -f CMakeFiles/cmTC_13b8a.dir/build.make CMakeFiles/cmTC_13b8a.dir/build
make[1]: Entering directory '/home/bigboi/Drone/FlightController/build/CMakeFiles/CMakeTmp'
Building C object CMakeFiles/cmTC_13b8a.dir/testCCompiler.c.o
/usr/bin/clang-6.0    -o CMakeFiles/cmTC_13b8a.dir/testCCompiler.c.o   -c /home/bigboi/Drone/FlightController/build/CMakeFiles/CMakeTmp/testCCompiler.c
Linking C executable cmTC_13b8a
/usr/bin/cmake -E cmake_link_script CMakeFiles/cmTC_13b8a.dir/link.txt --verbose=1
/usr/bin/clang-6.0      CMakeFiles/cmTC_13b8a.dir/testCCompiler.c.o  -o cmTC_13b8a 
make[1]: Leaving directory '/home/bigboi/Drone/FlightController/build/CMakeFiles/CMakeTmp'


Detecting C compiler ABI info compiled with the following output:
Change Dir: /home/bigboi/Drone/FlightController/build/CMakeFiles/CMakeTmp

Run Build Command:"/usr/bin/make" "cmTC_32ef4/fast"
/usr/bin/make -f CMakeFiles/cmTC_32ef4.dir/build.make CMakeFiles/cmTC_32ef4.dir/build
make[1]: Entering directory '/home/bigboi/Drone/FlightController/build/CMakeFiles/CMakeTmp'
Building C object CMakeFiles/cmTC_32ef4.dir/CMakeCCompilerABI.c.o
/usr/bin/clang-6.0    -o CMakeFiles/cmTC_32ef4.dir/CMakeCCompilerABI.c.o   -c /usr/share/cmake-3.10/Modules/CMakeCCompilerABI.c
Linking C executable cmTC_32ef4
/usr/bin/cmake -E cmake_link_script CMakeFiles/cmTC_32ef4.dir/link.txt --verbose=1
/usr/bin/clang-6.0     -v CMakeFiles/cmTC_32ef4.dir/CMakeCCompilerABI.c.o  -o cmTC_32ef4 
clang version 6.0.0-1ubuntu2 (tags/RELEASE_600/final)
Target: x86_64-pc-linux-gnu
Thread model: posix
InstalledDir: /usr/bin
Found candidate GCC installation: /usr/bin/../lib/gcc/x86_64-linux-gnu/7
Found candidate GCC installation: /usr/bin/../lib/gcc/x86_64-linux-gnu/7.5.0
Found candidate GCC installation: /usr/bin/../lib/gcc/x86_64-linux-gnu/8
Found candidate GCC installation: /usr/lib/gcc/x86_64-linux-gnu/7
Found candidate GCC installation: /usr/lib/gcc/x86_64-linux-gnu/7.5.0
Found candidate GCC installation: /usr/lib/gcc/x86_64-linux-gnu/8
Selected GCC installation: /usr/bin/../lib/gcc/x86_64-linux-gnu/7.5.0
Candidate multilib: .;@m64
Selected multilib: .;@m64
Found CUDA installation: /usr/local/cuda, version unknown
 "/usr/bin/ld" -z relro --hash-style=gnu --eh-frame-hdr -m elf_x86_64 -dynamic-linker /lib64/ld-linux-x86-64.so.2 -o cmTC_32ef4 /usr/bin/../lib/gcc/x86_64-linux-gnu/7.5.0/../../../x86_64-linux-gnu/crt1.o /usr/bin/../lib/gcc/x86_64-linux-gnu/7.5.0/../../../x86_64-linux-gnu/crti.o /usr/bin/../lib/gcc/x86_64-linux-gnu/7.5.0/crtbegin.o -L/usr/bin/../lib/gcc/x86_64-linux-gnu/7.5.0 -L/usr/bin/../lib/gcc/x86_64-linux-gnu/7.5.0/../../../x86_64-linux-gnu -L/lib/x86_64-linux-gnu -L/lib/../lib64 -L/usr/lib/x86_64-linux-gnu -L/usr/bin/../lib/gcc/x86_64-linux-gnu/7.5.0/../../.. -L/usr/lib/llvm-6.0/bin/../lib -L/lib -L/usr/lib CMakeFiles/cmTC_32ef4.dir/CMakeCCompilerABI.c.o -lgcc --as-needed -lgcc_s --no-as-needed -lc -lgcc --as-needed -lgcc_s --no-as-needed /usr/bin/../lib/gcc/x86_64-linux-gnu/7.5.0/crtend.o /usr/bin/../lib/gcc/x86_64-linux-gnu/7.5.0/../../../x86_64-linux-gnu/crtn.o
make[1]: Leaving directory '/home/bigboi/Drone/FlightController/build/CMakeFiles/CMakeTmp'


Parsed C implicit link information from above output:
  link line regex: [^( *|.*[/\])(ld|CMAKE_LINK_STARTFILE-NOTFOUND|([^/\]+-)?ld|collect2)[^/\]*( |$)]
  ignore line: [Change Dir: /home/bigboi/Drone/FlightController/build/CMakeFiles/CMakeTmp]
  ignore line: []
  ignore line: [Run Build Command:"/usr/bin/make" "cmTC_32ef4/fast"]
  ignore line: [/usr/bin/make -f CMakeFiles/cmTC_32ef4.dir/build.make CMakeFiles/cmTC_32ef4.dir/build]
  ignore line: [make[1]: Entering directory '/home/bigboi/Drone/FlightController/build/CMakeFiles/CMakeTmp']
  ignore line: [Building C object CMakeFiles/cmTC_32ef4.dir/CMakeCCompilerABI.c.o]
  ignore line: [/usr/bin/clang-6.0    -o CMakeFiles/cmTC_32ef4.dir/CMakeCCompilerABI.c.o   -c /usr/share/cmake-3.10/Modules/CMakeCCompilerABI.c]
  ignore line: [Linking C executable cmTC_32ef4]
  ignore line: [/usr/bin/cmake -E cmake_link_script CMakeFiles/cmTC_32ef4.dir/link.txt --verbose=1]
  ignore line: [/usr/bin/clang-6.0     -v CMakeFiles/cmTC_32ef4.dir/CMakeCCompilerABI.c.o  -o cmTC_32ef4 ]
  ignore line: [clang version 6.0.0-1ubuntu2 (tags/RELEASE_600/final)]
  ignore line: [Target: x86_64-pc-linux-gnu]
  ignore line: [Thread model: posix]
  ignore line: [InstalledDir: /usr/bin]
  ignore line: [Found candidate GCC installation: /usr/bin/../lib/gcc/x86_64-linux-gnu/7]
  ignore line: [Found candidate GCC installation: /usr/bin/../lib/gcc/x86_64-linux-gnu/7.5.0]
  ignore line: [Found candidate GCC installation: /usr/bin/../lib/gcc/x86_64-linux-gnu/8]
  ignore line: [Found candidate GCC installation: /usr/lib/gcc/x86_64-linux-gnu/7]
  ignore line: [Found candidate GCC installation: /usr/lib/gcc/x86_64-linux-gnu/7.5.0]
  ignore line: [Found candidate GCC installation: /usr/lib/gcc/x86_64-linux-gnu/8]
  ignore line: [Selected GCC installation: /usr/bin/../lib/gcc/x86_64-linux-gnu/7.5.0]
  ignore line: [Candidate multilib: .]
  ignore line: [@m64]
  ignore line: [Selected multilib: .]
  ignore line: [@m64]
  ignore line: [Found CUDA installation: /usr/local/cuda, version unknown]
  link line: [ "/usr/bin/ld" -z relro --hash-style=gnu --eh-frame-hdr -m elf_x86_64 -dynamic-linker /lib64/ld-linux-x86-64.so.2 -o cmTC_32ef4 /usr/bin/../lib/gcc/x86_64-linux-gnu/7.5.0/../../../x86_64-linux-gnu/crt1.o /usr/bin/../lib/gcc/x86_64-linux-gnu/7.5.0/../../../x86_64-linux-gnu/crti.o /usr/bin/../lib/gcc/x86_64-linux-gnu/7.5.0/crtbegin.o -L/usr/bin/../lib/gcc/x86_64-linux-gnu/7.5.0 -L/usr/bin/../lib/gcc/x86_64-linux-gnu/7.5.0/../../../x86_64-linux-gnu -L/lib/x86_64-linux-gnu -L/lib/../lib64 -L/usr/lib/x86_64-linux-gnu -L/usr/bin/../lib/gcc/x86_64-linux-gnu/7.5.0/../../.. -L/usr/lib/llvm-6.0/bin/../lib -L/lib -L/usr/lib CMakeFiles/cmTC_32ef4.dir/CMakeCCompilerABI.c.o -lgcc --as-needed -lgcc_s --no-as-needed -lc -lgcc --as-needed -lgcc_s --no-as-needed /usr/bin/../lib/gcc/x86_64-linux-gnu/7.5.0/crtend.o /usr/bin/../lib/gcc/x86_64-linux-gnu/7.5.0/../../../x86_64-linux-gnu/crtn.o]
    arg [/usr/bin/ld] ==> ignore
    arg [-zrelro] ==> ignore
    arg [--hash-style=gnu] ==> ignore
    arg [--eh-frame-hdr] ==> ignore
    arg [-m] ==> ignore
    arg [elf_x86_64] ==> ignore
    arg [-dynamic-linker] ==> ignore
    arg [/lib64/ld-linux-x86-64.so.2] ==> ignore
    arg [-o] ==> ignore
    arg [cmTC_32ef4] ==> ignore
    arg [/usr/bin/../lib/gcc/x86_64-linux-gnu/7.5.0/../../../x86_64-linux-gnu/crt1.o] ==> ignore
    arg [/usr/bin/../lib/gcc/x86_64-linux-gnu/7.5.0/../../../x86_64-linux-gnu/crti.o] ==> ignore
    arg [/usr/bin/../lib/gcc/x86_64-linux-gnu/7.5.0/crtbegin.o] ==> ignore
    arg [-L/usr/bin/../lib/gcc/x86_64-linux-gnu/7.5.0] ==> dir [/usr/bin/../lib/gcc/x86_64-linux-gnu/7.5.0]
    arg [-L/usr/bin/../lib/gcc/x86_64-linux-gnu/7.5.0/../../../x86_64-linux-gnu] ==> dir [/usr/bin/../lib/gcc/x86_64-linux-gnu/7.5.0/../../../x86_64-linux-gnu]
    arg [-L/lib/x86_64-linux-gnu] ==> dir [/lib/x86_64-linux-gnu]
    arg [-L/lib/../lib64] ==> dir [/lib/../lib64]
    arg [-L/usr/lib/x86_64-linux-gnu] ==> dir [/usr/lib/x86_64-linux-gnu]
    arg [-L/usr/bin/../lib/gcc/x86_64-linux-gnu/7.5.0/../../..] ==> dir [/usr/bin/../lib/gcc/x86_64-linux-gnu/7.5.0/../../..]
    arg [-L/usr/lib/llvm-6.0/bin/../lib] ==> dir [/usr/lib/llvm-6.0/bin/../lib]
    arg [-L/lib] ==> dir [/lib]
    arg [-L/usr/lib] ==> dir [/usr/lib]
    arg [CMakeFiles/cmTC_32ef4.dir/CMakeCCompilerABI.c.o] ==> ignore
    arg [-lgcc] ==> lib [gcc]
    arg [--as-needed] ==> ignore
    arg [-lgcc_s] ==> lib [gcc_s]
    arg [--no-as-needed] ==> ignore
    arg [-lc] ==> lib [c]
    arg [-lgcc] ==> lib [gcc]
    arg [--as-needed] ==> ignore
    arg [-lgcc_s] ==> lib [gcc_s]
    arg [--no-as-needed] ==> ignore
    arg [/usr/bin/../lib/gcc/x86_64-linux-gnu/7.5.0/crtend.o] ==> ignore
    arg [/usr/bin/../lib/gcc/x86_64-linux-gnu/7.5.0/../../../x86_64-linux-gnu/crtn.o] ==> ignore
  collapse library dir [/usr/bin/../lib/gcc/x86_64-linux-gnu/7.5.0] ==> [/usr/lib/gcc/x86_64-linux-gnu/7.5.0]
  collapse library dir [/usr/bin/../lib/gcc/x86_64-linux-gnu/7.5.0/../../../x86_64-linux-gnu] ==> [/usr/lib/x86_64-linux-gnu]
  collapse library dir [/lib/x86_64-linux-gnu] ==> [/lib/x86_64-linux-gnu]
  collapse library dir [/lib/../lib64] ==> [/lib64]
  collapse library dir [/usr/lib/x86_64-linux-gnu] ==> [/usr/lib/x86_64-linux-gnu]
  collapse library dir [/usr/bin/../lib/gcc/x86_64-linux-gnu/7.5.0/../../..] ==> [/usr/lib]
  collapse library dir [/usr/lib/llvm-6.0/bin/../lib] ==> [/usr/lib/llvm-6.0/lib]
  collapse library dir [/lib] ==> [/lib]
  collapse library dir [/usr/lib] ==> [/usr/lib]
  implicit libs: [gcc;gcc_s;c;gcc;gcc_s]
  implicit dirs: [/usr/lib/gcc/x86_64-linux-gnu/7.5.0;/usr/lib/x86_64-linux-gnu;/lib/x86_64-linux-gnu;/lib64;/usr/lib;/usr/lib/llvm-6.0/lib;/lib]
  implicit fwks: []




Detecting C [-std=c11] compiler features compiled with the following output:
Change Dir: /home/bigboi/Drone/FlightController/build/CMakeFiles/CMakeTmp

Run Build Command:"/usr/bin/make" "cmTC_abfdc/fast"
/usr/bin/make -f CMakeFiles/cmTC_abfdc.dir/build.make CMakeFiles/cmTC_abfdc.dir/build
make[1]: Entering directory '/home/bigboi/Drone/FlightController/build/CMakeFiles/CMakeTmp'
Building C object CMakeFiles/cmTC_abfdc.dir/feature_tests.c.o
/usr/bin/clang-6.0   -std=c11 -o CMakeFiles/cmTC_abfdc.dir/feature_tests.c.o   -c /home/bigboi/Drone/FlightController/build/CMakeFiles/feature_tests.c
Linking C executable cmTC_abfdc
/usr/bin/cmake -E cmake_link_script CMakeFiles/cmTC_abfdc.dir/link.txt --verbose=1
/usr/bin/clang-6.0      CMakeFiles/cmTC_abfdc.dir/feature_tests.c.o  -o cmTC_abfdc 
make[1]: Leaving directory '/home/bigboi/Drone/FlightController/build/CMakeFiles/CMakeTmp'


    Feature record: C_FEATURE:1c_function_prototypes
    Feature record: C_FEATURE:1c_restrict
    Feature record: C_FEATURE:1c_static_assert
    Feature record: C_FEATURE:1c_variadic_macros


Detecting C [-std=c99] compiler features compiled with the following output:
Change Dir: /home/bigboi/Drone/FlightController/build/CMakeFiles/CMakeTmp

Run Build Command:"/usr/bin/make" "cmTC_0c3ec/fast"
/usr/bin/make -f CMakeFiles/cmTC_0c3ec.dir/build.make CMakeFiles/cmTC_0c3ec.dir/build
make[1]: Entering directory '/home/bigboi/Drone/FlightController/build/CMakeFiles/CMakeTmp'
Building C object CMakeFiles/cmTC_0c3ec.dir/feature_tests.c.o
/usr/bin/clang-6.0   -std=c99 -o CMakeFiles/cmTC_0c3ec.dir/feature_tests.c.o   -c /home/bigboi/Drone/FlightController/build/CMakeFiles/feature_tests.c
Linking C executable cmTC_0c3ec
/usr/bin/cmake -E cmake_link_script CMakeFiles/cmTC_0c3ec.dir/link.txt --verbose=1
/usr/bin/clang-6.0      CMakeFiles/cmTC_0c3ec.dir/feature_tests.c.o  -o cmTC_0c3ec 
make[1]: Leaving directory '/home/bigboi/Drone/FlightController/build/CMakeFiles/CMakeTmp'


    Feature record: C_FEATURE:1c_function_prototypes
    Feature record: C_FEATURE:1c_restrict
    Feature record: C_FEATURE:0c_static_assert
    Feature record: C_FEATURE:1c_variadic_macros


Detecting C [-std=c90] compiler features compiled with the following output:
Change Dir: /home/bigboi/Drone/FlightController/build/CMakeFiles/CMakeTmp

Run Build Command:"/usr/bin/make" "cmTC_db776/fast"
/usr/bin/make -f CMakeFiles/cmTC_db776.dir/build.make CMakeFiles/cmTC_db776.dir/build
make[1]: Entering directory '/home/bigboi/Drone/FlightController/build/CMakeFiles/CMakeTmp'
Building C object CMakeFiles/cmTC_db776.dir/feature_tests.c.o
/usr/bin/clang-6.0   -std=c90 -o CMakeFiles/cmTC_db776.dir/feature_tests.c.o   -c /home/bigboi/Drone/FlightController/build/CMakeFiles/feature_tests.c
Linking C executable cmTC_db776
/usr/bin/cmake -E cmake_link_script CMakeFiles/cmTC_db776.dir/link.txt --verbose=1
/usr/bin/clang-6.0      CMakeFiles/cmTC_db776.dir/feature_tests.c.o  -o cmTC_db776 
make[1]: Leaving directory '/home/bigboi/Drone/FlightController/build/CMakeFiles/CMakeTmp'


    Feature record: C_FEATURE:1c_function_prototypes
    Feature record: C_FEATURE:0c_restrict
    Feature record: C_FEATURE:0c_static_assert
    Feature record: C_FEATURE:0c_variadic_macros
Determining if the CXX compiler works passed with the following output:
Change Dir: /home/bigboi/Drone/FlightController/build/CMakeFiles/CMakeTmp

Run Build Command:"/usr/bin/make" "cmTC_775d5/fast"
/usr/bin/make -f CMakeFiles/cmTC_775d5.dir/build.make CMakeFiles/cmTC_775d5.dir/build
make[1]: Entering directory '/home/bigboi/Drone/FlightController/build/CMakeFiles/CMakeTmp'
Building CXX object CMakeFiles/cmTC_775d5.dir/testCXXCompiler.cxx.o
/usr/bin/clang++-6.0     -o CMakeFiles/cmTC_775d5.dir/testCXXCompiler.cxx.o -c /home/bigboi/Drone/FlightController/build/CMakeFiles/CMakeTmp/testCXXCompiler.cxx
Linking CXX executable cmTC_775d5
/usr/bin/cmake -E cmake_link_script CMakeFiles/cmTC_775d5.dir/link.txt --verbose=1
/usr/bin/clang++-6.0       CMakeFiles/cmTC_775d5.dir/testCXXCompiler.cxx.o  -o cmTC_775d5 
make[1]: Leaving directory '/home/bigboi/Drone/FlightController/build/CMakeFiles/CMakeTmp'


Detecting CXX compiler ABI info compiled with the following output:
Change Dir: /home/bigboi/Drone/FlightController/build/CMakeFiles/CMakeTmp

Run Build Command:"/usr/bin/make" "cmTC_94a0f/fast"
/usr/bin/make -f CMakeFiles/cmTC_94a0f.dir/build.make CMakeFiles/cmTC_94a0f.dir/build
make[1]: Entering directory '/home/bigboi/Drone/FlightController/build/CMakeFiles/CMakeTmp'
Building CXX object CMakeFiles/cmTC_94a0f.dir/CMakeCXXCompilerABI.cpp.o
/usr/bin/clang++-6.0     -o CMakeFiles/cmTC_94a0f.dir/CMakeCXXCompilerABI.cpp.o -c /usr/share/cmake-3.10/Modules/CMakeCXXCompilerABI.cpp
Linking CXX executable cmTC_94a0f
/usr/bin/cmake -E cmake_link_script CMakeFiles/cmTC_94a0f.dir/link.txt --verbose=1
/usr/bin/clang++-6.0      -v CMakeFiles/cmTC_94a0f.dir/CMakeCXXCompilerABI.cpp.o  -o cmTC_94a0f 
clang version 6.0.0-1ubuntu2 (tags/RELEASE_600/final)
Target: x86_64-pc-linux-gnu
Thread model: posix
InstalledDir: /usr/bin
Found candidate GCC installation: /usr/bin/../lib/gcc/x86_64-linux-gnu/7
Found candidate GCC installation: /usr/bin/../lib/gcc/x86_64-linux-gnu/7.5.0
Found candidate GCC installation: /usr/bin/../lib/gcc/x86_64-linux-gnu/8
Found candidate GCC installation: /usr/lib/gcc/x86_64-linux-gnu/7
Found candidate GCC installation: /usr/lib/gcc/x86_64-linux-gnu/7.5.0
Found candidate GCC installation: /usr/lib/gcc/x86_64-linux-gnu/8
Selected GCC installation: /usr/bin/../lib/gcc/x86_64-linux-gnu/7.5.0
Candidate multilib: .;@m64
Selected multilib: .;@m64
Found CUDA installation: /usr/local/cuda, version unknown
 "/usr/bin/ld" -z relro --hash-style=gnu --eh-frame-hdr -m elf_x86_64 -dynamic-linker /lib64/ld-linux-x86-64.so.2 -o cmTC_94a0f /usr/bin/../lib/gcc/x86_64-linux-gnu/7.5.0/../../../x86_64-linux-gnu/crt1.o /usr/bin/../lib/gcc/x86_64-linux-gnu/7.5.0/../../../x86_64-linux-gnu/crti.o /usr/bin/../lib/gcc/x86_64-linux-gnu/7.5.0/crtbegin.o -L/usr/bin/../lib/gcc/x86_64-linux-gnu/7.5.0 -L/usr/bin/../lib/gcc/x86_64-linux-gnu/7.5.0/../../../x86_64-linux-gnu -L/lib/x86_64-linux-gnu -L/lib/../lib64 -L/usr/lib/x86_64-linux-gnu -L/usr/bin/../lib/gcc/x86_64-linux-gnu/7.5.0/../../.. -L/usr/lib/llvm-6.0/bin/../lib -L/lib -L/usr/lib CMakeFiles/cmTC_94a0f.dir/CMakeCXXCompilerABI.cpp.o -lstdc++ -lm -lgcc_s -lgcc -lc -lgcc_s -lgcc /usr/bin/../lib/gcc/x86_64-linux-gnu/7.5.0/crtend.o /usr/bin/../lib/gcc/x86_64-linux-gnu/7.5.0/../../../x86_64-linux-gnu/crtn.o
make[1]: Leaving directory '/home/bigboi/Drone/FlightController/build/CMakeFiles/CMakeTmp'


Parsed CXX implicit link information from above output:
  link line regex: [^( *|.*[/\])(ld|CMAKE_LINK_STARTFILE-NOTFOUND|([^/\]+-)?ld|collect2)[^/\]*( |$)]
  ignore line: [Change Dir: /home/bigboi/Drone/FlightController/build/CMakeFiles/CMakeTmp]
  ignore line: []
  ignore line: [Run Build Command:"/usr/bin/make" "cmTC_94a0f/fast"]
  ignore line: [/usr/bin/make -f CMakeFiles/cmTC_94a0f.dir/build.make CMakeFiles/cmTC_94a0f.dir/build]
  ignore line: [make[1]: Entering directory '/home/bigboi/Drone/FlightController/build/CMakeFiles/CMakeTmp']
  ignore line: [Building CXX object CMakeFiles/cmTC_94a0f.dir/CMakeCXXCompilerABI.cpp.o]
  ignore line: [/usr/bin/clang++-6.0     -o CMakeFiles/cmTC_94a0f.dir/CMakeCXXCompilerABI.cpp.o -c /usr/share/cmake-3.10/Modules/CMakeCXXCompilerABI.cpp]
  ignore line: [Linking CXX executable cmTC_94a0f]
  ignore line: [/usr/bin/cmake -E cmake_link_script CMakeFiles/cmTC_94a0f.dir/link.txt --verbose=1]
  ignore line: [/usr/bin/clang++-6.0      -v CMakeFiles/cmTC_94a0f.dir/CMakeCXXCompilerABI.cpp.o  -o cmTC_94a0f ]
  ignore line: [clang version 6.0.0-1ubuntu2 (tags/RELEASE_600/final)]
  ignore line: [Target: x86_64-pc-linux-gnu]
  ignore line: [Thread model: posix]
  ignore line: [InstalledDir: /usr/bin]
  ignore line: [Found candidate GCC installation: /usr/bin/../lib/gcc/x86_64-linux-gnu/7]
  ignore line: [Found candidate GCC installation: /usr/bin/../lib/gcc/x86_64-linux-gnu/7.5.0]
  ignore line: [Found candidate GCC installation: /usr/bin/../lib/gcc/x86_64-linux-gnu/8]
  ignore line: [Found candidate GCC installation: /usr/lib/gcc/x86_64-linux-gnu/7]
  ignore line: [Found candidate GCC installation: /usr/lib/gcc/x86_64-linux-gnu/7.5.0]
  ignore line: [Found candidate GCC installation: /usr/lib/gcc/x86_64-linux-gnu/8]
  ignore line: [Selected GCC installation: /usr/bin/../lib/gcc/x86_64-linux-gnu/7.5.0]
  ignore line: [Candidate multilib: .]
  ignore line: [@m64]
  ignore line: [Selected multilib: .]
  ignore line: [@m64]
  ignore line: [Found CUDA installation: /usr/local/cuda, version unknown]
  link line: [ "/usr/bin/ld" -z relro --hash-style=gnu --eh-frame-hdr -m elf_x86_64 -dynamic-linker /lib64/ld-linux-x86-64.so.2 -o cmTC_94a0f /usr/bin/../lib/gcc/x86_64-linux-gnu/7.5.0/../../../x86_64-linux-gnu/crt1.o /usr/bin/../lib/gcc/x86_64-linux-gnu/7.5.0/../../../x86_64-linux-gnu/crti.o /usr/bin/../lib/gcc/x86_64-linux-gnu/7.5.0/crtbegin.o -L/usr/bin/../lib/gcc/x86_64-linux-gnu/7.5.0 -L/usr/bin/../lib/gcc/x86_64-linux-gnu/7.5.0/../../../x86_64-linux-gnu -L/lib/x86_64-linux-gnu -L/lib/../lib64 -L/usr/lib/x86_64-linux-gnu -L/usr/bin/../lib/gcc/x86_64-linux-gnu/7.5.0/../../.. -L/usr/lib/llvm-6.0/bin/../lib -L/lib -L/usr/lib CMakeFiles/cmTC_94a0f.dir/CMakeCXXCompilerABI.cpp.o -lstdc++ -lm -lgcc_s -lgcc -lc -lgcc_s -lgcc /usr/bin/../lib/gcc/x86_64-linux-gnu/7.5.0/crtend.o /usr/bin/../lib/gcc/x86_64-linux-gnu/7.5.0/../../../x86_64-linux-gnu/crtn.o]
    arg [/usr/bin/ld] ==> ignore
    arg [-zrelro] ==> ignore
    arg [--hash-style=gnu] ==> ignore
    arg [--eh-frame-hdr] ==> ignore
    arg [-m] ==> ignore
    arg [elf_x86_64] ==> ignore
    arg [-dynamic-linker] ==> ignore
    arg [/lib64/ld-linux-x86-64.so.2] ==> ignore
    arg [-o] ==> ignore
    arg [cmTC_94a0f] ==> ignore
    arg [/usr/bin/../lib/gcc/x86_64-linux-gnu/7.5.0/../../../x86_64-linux-gnu/crt1.o] ==> ignore
    arg [/usr/bin/../lib/gcc/x86_64-linux-gnu/7.5.0/../../../x86_64-linux-gnu/crti.o] ==> ignore
    arg [/usr/bin/../lib/gcc/x86_64-linux-gnu/7.5.0/crtbegin.o] ==> ignore
    arg [-L/usr/bin/../lib/gcc/x86_64-linux-gnu/7.5.0] ==> dir [/usr/bin/../lib/gcc/x86_64-linux-gnu/7.5.0]
    arg [-L/usr/bin/../lib/gcc/x86_64-linux-gnu/7.5.0/../../../x86_64-linux-gnu] ==> dir [/usr/bin/../lib/gcc/x86_64-linux-gnu/7.5.0/../../../x86_64-linux-gnu]
    arg [-L/lib/x86_64-linux-gnu] ==> dir [/lib/x86_64-linux-gnu]
    arg [-L/lib/../lib64] ==> dir [/lib/../lib64]
    arg [-L/usr/lib/x86_64-linux-gnu] ==> dir [/usr/lib/x86_64-linux-gnu]
    arg [-L/usr/bin/../lib/gcc/x86_64-linux-gnu/7.5.0/../../..] ==> dir [/usr/bin/../lib/gcc/x86_64-linux-gnu/7.5.0/../../..]
    arg [-L/usr/lib/llvm-6.0/bin/../lib] ==> dir [/usr/lib/llvm-6.0/bin/../lib]
    arg [-L/lib] ==> dir [/lib]
    arg [-L/usr/lib] ==> dir [/usr/lib]
    arg [CMakeFiles/cmTC_94a0f.dir/CMakeCXXCompilerABI.cpp.o] ==> ignore
    arg [-lstdc++] ==> lib [stdc++]
    arg [-lm] ==> lib [m]
    arg [-lgcc_s] ==> lib [gcc_s]
    arg [-lgcc] ==> lib [gcc]
    arg [-lc] ==> lib [c]
    arg [-lgcc_s] ==> lib [gcc_s]
    arg [-lgcc] ==> lib [gcc]
    arg [/usr/bin/../lib/gcc/x86_64-linux-gnu/7.5.0/crtend.o] ==> ignore
    arg [/usr/bin/../lib/gcc/x86_64-linux-gnu/7.5.0/../../../x86_64-linux-gnu/crtn.o] ==> ignore
  collapse library dir [/usr/bin/../lib/gcc/x86_64-linux-gnu/7.5.0] ==> [/usr/lib/gcc/x86_64-linux-gnu/7.5.0]
  collapse library dir [/usr/bin/../lib/gcc/x86_64-linux-gnu/7.5.0/../../../x86_64-linux-gnu] ==> [/usr/lib/x86_64-linux-gnu]
  collapse library dir [/lib/x86_64-linux-gnu] ==> [/lib/x86_64-linux-gnu]
  collapse library dir [/lib/../lib64] ==> [/lib64]
  collapse library dir [/usr/lib/x86_64-linux-gnu] ==> [/usr/lib/x86_64-linux-gnu]
  collapse library dir [/usr/bin/../lib/gcc/x86_64-linux-gnu/7.5.0/../../..] ==> [/usr/lib]
  collapse library dir [/usr/lib/llvm-6.0/bin/../lib] ==> [/usr/lib/llvm-6.0/lib]
  collapse library dir [/lib] ==> [/lib]
  collapse library dir [/usr/lib] ==> [/usr/lib]
  implicit libs: [stdc++;m;gcc_s;gcc;c;gcc_s;gcc]
  implicit dirs: [/usr/lib/gcc/x86_64-linux-gnu/7.5.0;/usr/lib/x86_64-linux-gnu;/lib/x86_64-linux-gnu;/lib64;/usr/lib;/usr/lib/llvm-6.0/lib;/lib]
  implicit fwks: []




Detecting CXX [-std=c++1z] compiler features compiled with the following output:
Change Dir: /home/bigboi/Drone/FlightController/build/CMakeFiles/CMakeTmp

Run Build Command:"/usr/bin/make" "cmTC_6c26e/fast"
/usr/bin/make -f CMakeFiles/cmTC_6c26e.dir/build.make CMakeFiles/cmTC_6c26e.dir/build
make[1]: Entering directory '/home/bigboi/Drone/FlightController/build/CMakeFiles/CMakeTmp'
Building CXX object CMakeFiles/cmTC_6c26e.dir/feature_tests.cxx.o
/usr/bin/clang++-6.0    -std=c++1z -o CMakeFiles/cmTC_6c26e.dir/feature_tests.cxx.o -c /home/bigboi/Drone/FlightController/build/CMakeFiles/feature_tests.cxx
Linking CXX executable cmTC_6c26e
/usr/bin/cmake -E cmake_link_script CMakeFiles/cmTC_6c26e.dir/link.txt --verbose=1
/usr/bin/clang++-6.0       CMakeFiles/cmTC_6c26e.dir/feature_tests.cxx.o  -o cmTC_6c26e 
make[1]: Leaving directory '/home/bigboi/Drone/FlightController/build/CMakeFiles/CMakeTmp'


    Feature record: CXX_FEATURE:1cxx_aggregate_default_initializers
    Feature record: CXX_FEATURE:1cxx_alias_templates
    Feature record: CXX_FEATURE:1cxx_alignas
    Feature record: CXX_FEATURE:1cxx_alignof
    Feature record: CXX_FEATURE:1cxx_attributes
    Feature record: CXX_FEATURE:1cxx_attribute_deprecated
    Feature record: CXX_FEATURE:1cxx_auto_type
    Feature record: CXX_FEATURE:1cxx_binary_literals
    Feature record: CXX_FEATURE:1cxx_constexpr
    Feature record: CXX_FEATURE:1cxx_contextual_conversions
    Feature record: CXX_FEATURE:1cxx_decltype
    Feature record: CXX_FEATURE:1cxx_decltype_auto
    Feature record: CXX_FEATURE:1cxx_decltype_incomplete_return_types
    Feature record: CXX_FEATURE:1cxx_default_function_template_args
    Feature record: CXX_FEATURE:1cxx_defaulted_functions
    Feature record: CXX_FEATURE:1cxx_defaulted_move_initializers
    Feature record: CXX_FEATURE:1cxx_delegating_constructors
    Feature record: CXX_FEATURE:1cxx_deleted_functions
    Feature record: CXX_FEATURE:1cxx_digit_separators
    Feature record: CXX_FEATURE:1cxx_enum_forward_declarations
    Feature record: CXX_FEATURE:1cxx_explicit_conversions
    Feature record: CXX_FEATURE:1cxx_extended_friend_declarations
    Feature record: CXX_FEATURE:1cxx_extern_templates
    Feature record: CXX_FEATURE:1cxx_final
    Feature record: CXX_FEATURE:1cxx_func_identifier
    Feature record: CXX_FEATURE:1cxx_generalized_initializers
    Feature record: CXX_FEATURE:1cxx_generic_lambdas
    Feature record: CXX_FEATURE:1cxx_inheriting_constructors
    Feature record: CXX_FEATURE:1cxx_inline_namespaces
    Feature record: CXX_FEATURE:1cxx_lambdas
    Feature record: CXX_FEATURE:1cxx_lambda_init_captures
    Feature record: CXX_FEATURE:1cxx_local_type_template_args
    Feature record: CXX_FEATURE:1cxx_long_long_type
    Feature record: CXX_FEATURE:1cxx_noexcept
    Feature record: CXX_FEATURE:1cxx_nonstatic_member_init
    Feature record: CXX_FEATURE:1cxx_nullptr
    Feature record: CXX_FEATURE:1cxx_override
    Feature record: CXX_FEATURE:1cxx_range_for
    Feature record: CXX_FEATURE:1cxx_raw_string_literals
    Feature record: CXX_FEATURE:1cxx_reference_qualified_functions
    Feature record: CXX_FEATURE:1cxx_relaxed_constexpr
    Feature record: CXX_FEATURE:1cxx_return_type_deduction
    Feature record: CXX_FEATURE:1cxx_right_angle_brackets
    Feature record: CXX_FEATURE:1cxx_rvalue_references
    Feature record: CXX_FEATURE:1cxx_sizeof_member
    Feature record: CXX_FEATURE:1cxx_static_assert
    Feature record: CXX_FEATURE:1cxx_strong_enums
    Feature record: CXX_FEATURE:1cxx_template_template_parameters
    Feature record: CXX_FEATURE:1cxx_thread_local
    Feature record: CXX_FEATURE:1cxx_trailing_return_types
    Feature record: CXX_FEATURE:1cxx_unicode_literals
    Feature record: CXX_FEATURE:1cxx_uniform_initialization
    Feature record: CXX_FEATURE:1cxx_unrestricted_unions
    Feature record: CXX_FEATURE:1cxx_user_literals
    Feature record: CXX_FEATURE:1cxx_variable_templates
    Feature record: CXX_FEATURE:1cxx_variadic_macros
    Feature record: CXX_FEATURE:1cxx_variadic_templates


Detecting CXX [-std=c++14] compiler features compiled with the following output:
Change Dir: /home/bigboi/Drone/FlightController/build/CMakeFiles/CMakeTmp

Run Build Command:"/usr/bin/make" "cmTC_74ea1/fast"
/usr/bin/make -f CMakeFiles/cmTC_74ea1.dir/build.make CMakeFiles/cmTC_74ea1.dir/build
make[1]: Entering directory '/home/bigboi/Drone/FlightController/build/CMakeFiles/CMakeTmp'
Building CXX object CMakeFiles/cmTC_74ea1.dir/feature_tests.cxx.o
/usr/bin/clang++-6.0    -std=c++14 -o CMakeFiles/cmTC_74ea1.dir/feature_tests.cxx.o -c /home/bigboi/Drone/FlightController/build/CMakeFiles/feature_tests.cxx
Linking CXX executable cmTC_74ea1
/usr/bin/cmake -E cmake_link_script CMakeFiles/cmTC_74ea1.dir/link.txt --verbose=1
/usr/bin/clang++-6.0       CMakeFiles/cmTC_74ea1.dir/feature_tests.cxx.o  -o cmTC_74ea1 
make[1]: Leaving directory '/home/bigboi/Drone/FlightController/build/CMakeFiles/CMakeTmp'


    Feature record: CXX_FEATURE:1cxx_aggregate_default_initializers
    Feature record: CXX_FEATURE:1cxx_alias_templates
    Feature record: CXX_FEATURE:1cxx_alignas
    Feature record: CXX_FEATURE:1cxx_alignof
    Feature record: CXX_FEATURE:1cxx_attributes
    Feature record: CXX_FEATURE:1cxx_attribute_deprecated
    Feature record: CXX_FEATURE:1cxx_auto_type
    Feature record: CXX_FEATURE:1cxx_binary_literals
    Feature record: CXX_FEATURE:1cxx_constexpr
    Feature record: CXX_FEATURE:1cxx_contextual_conversions
    Feature record: CXX_FEATURE:1cxx_decltype
    Feature record: CXX_FEATURE:1cxx_decltype_auto
    Feature record: CXX_FEATURE:1cxx_decltype_incomplete_return_types
    Feature record: CXX_FEATURE:1cxx_default_function_template_args
    Feature record: CXX_FEATURE:1cxx_defaulted_functions
    Feature record: CXX_FEATURE:1cxx_defaulted_move_initializers
    Feature record: CXX_FEATURE:1cxx_delegating_constructors
    Feature record: CXX_FEATURE:1cxx_deleted_functions
    Feature record: CXX_FEATURE:1cxx_digit_separators
    Feature record: CXX_FEATURE:1cxx_enum_forward_declarations
    Feature record: CXX_FEATURE:1cxx_explicit_conversions
    Feature record: CXX_FEATURE:1cxx_extended_friend_declarations
    Feature record: CXX_FEATURE:1cxx_extern_templates
    Feature record: CXX_FEATURE:1cxx_final
    Feature record: CXX_FEATURE:1cxx_func_identifier
    Feature record: CXX_FEATURE:1cxx_generalized_initializers
    Feature record: CXX_FEATURE:1cxx_generic_lambdas
    Feature record: CXX_FEATURE:1cxx_inheriting_constructors
    Feature record: CXX_FEATURE:1cxx_inline_namespaces
    Feature record: CXX_FEATURE:1cxx_lambdas
    Feature record: CXX_FEATURE:1cxx_lambda_init_captures
    Feature record: CXX_FEATURE:1cxx_local_type_template_args
    Feature record: CXX_FEATURE:1cxx_long_long_type
    Feature record: CXX_FEATURE:1cxx_noexcept
    Feature record: CXX_FEATURE:1cxx_nonstatic_member_init
    Feature record: CXX_FEATURE:1cxx_nullptr
    Feature record: CXX_FEATURE:1cxx_override
    Feature record: CXX_FEATURE:1cxx_range_for
    Feature record: CXX_FEATURE:1cxx_raw_string_literals
    Feature record: CXX_FEATURE:1cxx_reference_qualified_functions
    Feature record: CXX_FEATURE:1cxx_relaxed_constexpr
    Feature record: CXX_FEATURE:1cxx_return_type_deduction
    Feature record: CXX_FEATURE:1cxx_right_angle_brackets
    Feature record: CXX_FEATURE:1cxx_rvalue_references
    Feature record: CXX_FEATURE:1cxx_sizeof_member
    Feature record: CXX_FEATURE:1cxx_static_assert
    Feature record: CXX_FEATURE:1cxx_strong_enums
    Feature record: CXX_FEATURE:1cxx_template_template_parameters
    Feature record: CXX_FEATURE:1cxx_thread_local
    Feature record: CXX_FEATURE:1cxx_trailing_return_types
    Feature record: CXX_FEATURE:1cxx_unicode_literals
    Feature record: CXX_FEATURE:1cxx_uniform_initialization
    Feature record: CXX_FEATURE:1cxx_unrestricted_unions
    Feature record: CXX_FEATURE:1cxx_user_literals
    Feature record: CXX_FEATURE:1cxx_variable_templates
    Feature record: CXX_FEATURE:1cxx_variadic_macros
    Feature record: CXX_FEATURE:1cxx_variadic_templates


Detecting CXX [-std=c++11] compiler features compiled with the following output:
Change Dir: /home/bigboi/Drone/FlightController/build/CMakeFiles/CMakeTmp

Run Build Command:"/usr/bin/make" "cmTC_36e24/fast"
/usr/bin/make -f CMakeFiles/cmTC_36e24.dir/build.make CMakeFiles/cmTC_36e24.dir/build
make[1]: Entering directory '/home/bigboi/Drone/FlightController/build/CMakeFiles/CMakeTmp'
Building CXX object CMakeFiles/cmTC_36e24.dir/feature_tests.cxx.o
/usr/bin/clang++-6.0    -std=c++11 -o CMakeFiles/cmTC_36e24.dir/feature_tests.cxx.o -c /home/bigboi/Drone/FlightController/build/CMakeFiles/feature_tests.cxx
Linking CXX executable cmTC_36e24
/usr/bin/cmake -E cmake_link_script CMakeFiles/cmTC_36e24.dir/link.txt --verbose=1
/usr/bin/clang++-6.0       CMakeFiles/cmTC_36e24.dir/feature_tests.cxx.o  -o cmTC_36e24 
make[1]: Leaving directory '/home/bigboi/Drone/FlightController/build/CMakeFiles/CMakeTmp'


    Feature record: CXX_FEATURE:0cxx_aggregate_default_initializers
    Feature record: CXX_FEATURE:1cxx_alias_templates
    Feature record: CXX_FEATURE:1cxx_alignas
    Feature record: CXX_FEATURE:1cxx_alignof
    Feature record: CXX_FEATURE:1cxx_attributes
    Feature record: CXX_FEATURE:0cxx_attribute_deprecated
    Feature record: CXX_FEATURE:1cxx_auto_type
    Feature record: CXX_FEATURE:0cxx_binary_literals
    Feature record: CXX_FEATURE:1cxx_constexpr
    Feature record: CXX_FEATURE:0cxx_contextual_conversions
    Feature record: CXX_FEATURE:1cxx_decltype
    Feature record: CXX_FEATURE:0cxx_decltype_auto
    Feature record: CXX_FEATURE:1cxx_decltype_incomplete_return_types
    Feature record: CXX_FEATURE:1cxx_default_function_template_args
    Feature record: CXX_FEATURE:1cxx_defaulted_functions
    Feature record: CXX_FEATURE:1cxx_defaulted_move_initializers
    Feature record: CXX_FEATURE:1cxx_delegating_constructors
    Feature record: CXX_FEATURE:1cxx_deleted_functions
    Feature record: CXX_FEATURE:0cxx_digit_separators
    Feature record: CXX_FEATURE:1cxx_enum_forward_declarations
    Feature record: CXX_FEATURE:1cxx_explicit_conversions
    Feature record: CXX_FEATURE:1cxx_extended_friend_declarations
    Feature record: CXX_FEATURE:1cxx_extern_templates
    Feature record: CXX_FEATURE:1cxx_final
    Feature record: CXX_FEATURE:1cxx_func_identifier
    Feature record: CXX_FEATURE:1cxx_generalized_initializers
    Feature record: CXX_FEATURE:0cxx_generic_lambdas
    Feature record: CXX_FEATURE:1cxx_inheriting_constructors
    Feature record: CXX_FEATURE:1cxx_inline_namespaces
    Feature record: CXX_FEATURE:1cxx_lambdas
    Feature record: CXX_FEATURE:0cxx_lambda_init_captures
    Feature record: CXX_FEATURE:1cxx_local_type_template_args
    Feature record: CXX_FEATURE:1cxx_long_long_type
    Feature record: CXX_FEATURE:1cxx_noexcept
    Feature record: CXX_FEATURE:1cxx_nonstatic_member_init
    Feature record: CXX_FEATURE:1cxx_nullptr
    Feature record: CXX_FEATURE:1cxx_override
    Feature record: CXX_FEATURE:1cxx_range_for
    Feature record: CXX_FEATURE:1cxx_raw_string_literals
    Feature record: CXX_FEATURE:1cxx_reference_qualified_functions
    Feature record: CXX_FEATURE:0cxx_relaxed_constexpr
    Feature record: CXX_FEATURE:0cxx_return_type_deduction
    Feature record: CXX_FEATURE:1cxx_right_angle_brackets
    Feature record: CXX_FEATURE:1cxx_rvalue_references
    Feature record: CXX_FEATURE:1cxx_sizeof_member
    Feature record: CXX_FEATURE:1cxx_static_assert
    Feature record: CXX_FEATURE:1cxx_strong_enums
    Feature record: CXX_FEATURE:1cxx_template_template_parameters
    Feature record: CXX_FEATURE:1cxx_thread_local
    Feature record: CXX_FEATURE:1cxx_trailing_return_types
    Feature record: CXX_FEATURE:1cxx_unicode_literals
    Feature record: CXX_FEATURE:1cxx_uniform_initialization
    Feature record: CXX_FEATURE:1cxx_unrestricted_unions
    Feature record: CXX_FEATURE:1cxx_user_literals
    Feature record: CXX_FEATURE:0cxx_variable_templates
    Feature record: CXX_FEATURE:1cxx_variadic_macros
    Feature record: CXX_FEATURE:1cxx_variadic_templates


Detecting CXX [-std=c++98] compiler features compiled with the following output:
Change Dir: /home/bigboi/Drone/FlightController/build/CMakeFiles/CMakeTmp

Run Build Command:"/usr/bin/make" "cmTC_c7a62/fast"
/usr/bin/make -f CMakeFiles/cmTC_c7a62.dir/build.make CMakeFiles/cmTC_c7a62.dir/build
make[1]: Entering directory '/home/bigboi/Drone/FlightController/build/CMakeFiles/CMakeTmp'
Building CXX object CMakeFiles/cmTC_c7a62.dir/feature_tests.cxx.o
/usr/bin/clang++-6.0    -std=c++98 -o CMakeFiles/cmTC_c7a62.dir/feature_tests.cxx.o -c /home/bigboi/Drone/FlightController/build/CMakeFiles/feature_tests.cxx
Linking CXX executable cmTC_c7a62
/usr/bin/cmake -E cmake_link_script CMakeFiles/cmTC_c7a62.dir/link.txt --verbose=1
/usr/bin/clang++-6.0       CMakeFiles/cmTC_c7a62.dir/feature_tests.cxx.o  -o cmTC_c7a62 
make[1]: Leaving directory '/home/bigboi/Drone/FlightController/build/CMakeFiles/CMakeTmp'


    Feature record: CXX_FEATURE:0cxx_aggregate_default_initializers
    Feature record: CXX_FEATURE:0cxx_alias_templates
    Feature record: CXX_FEATURE:0cxx_alignas
    Feature record: CXX_FEATURE:0cxx_alignof
    Feature record: CXX_FEATURE:0cxx_attributes
    Feature record: CXX_FEATURE:0cxx_attribute_deprecated
    Feature record: CXX_FEATURE:0cxx_auto_type
    Feature record: CXX_FEATURE:0cxx_binary_literals
    Feature record: CXX_FEATURE:0cxx_constexpr
    Feature record: CXX_FEATURE:0cxx_contextual_conversions
    Feature record: CXX_FEATURE:0cxx_decltype
    Feature record: CXX_FEATURE:0cxx_decltype_auto
    Feature record: CXX_FEATURE:0cxx_decltype_incomplete_return_types
    Feature record: CXX_FEATURE:0cxx_default_function_template_args
    Feature record: CXX_FEATURE:0cxx_defaulted_functions
    Feature record: CXX_FEATURE:0cxx_defaulted_move_initializers
    Feature record: CXX_FEATURE:0cxx_delegating_constructors
    Feature record: CXX_FEATURE:0cxx_deleted_functions
    Feature record: CXX_FEATURE:0cxx_digit_separators
    Feature record: CXX_FEATURE:0cxx_enum_forward_declarations
    Feature record: CXX_FEATURE:0cxx_explicit_conversions
    Feature record: CXX_FEATURE:0cxx_extended_friend_declarations
    Feature record: CXX_FEATURE:0cxx_extern_templates
    Feature record: CXX_FEATURE:0cxx_final
    Feature record: CXX_FEATURE:0cxx_func_identifier
    Feature record: CXX_FEATURE:0cxx_generalized_initializers
    Feature record: CXX_FEATURE:0cxx_generic_lambdas
    Feature record: CXX_FEATURE:0cxx_inheriting_constructors
    Feature record: CXX_FEATURE:0cxx_inline_namespaces
    Feature record: CXX_FEATURE:0cxx_lambdas
    Feature record: CXX_FEATURE:0cxx_lambda_init_captures
    Feature record: CXX_FEATURE:0cxx_local_type_template_args
    Feature record: CXX_FEATURE:0cxx_long_long_type
    Feature record: CXX_FEATURE:0cxx_noexcept
    Feature record: CXX_FEATURE:0cxx_nonstatic_member_init
    Feature record: CXX_FEATURE:0cxx_nullptr
    Feature record: CXX_FEATURE:0cxx_override
    Feature record: CXX_FEATURE:0cxx_range_for
    Feature record: CXX_FEATURE:0cxx_raw_string_literals
    Feature record: CXX_FEATURE:0cxx_reference_qualified_functions
    Feature record: CXX_FEATURE:0cxx_relaxed_constexpr
    Feature record: CXX_FEATURE:0cxx_return_type_deduction
    Feature record: CXX_FEATURE:0cxx_right_angle_brackets
    Feature record: CXX_FEATURE:0cxx_rvalue_references
    Feature record: CXX_FEATURE:0cxx_sizeof_member
    Feature record: CXX_FEATURE:0cxx_static_assert
    Feature record: CXX_FEATURE:0cxx_strong_enums
    Feature record: CXX_FEATURE:1cxx_template_template_parameters
    Feature record: CXX_FEATURE:0cxx_thread_local
    Feature record: CXX_FEATURE:0cxx_trailing_return_types
    Feature record: CXX_FEATURE:0cxx_unicode_literals
    Feature record: CXX_FEATURE:0cxx_uniform_initialization
    Feature record: CXX_FEATURE:0cxx_unrestricted_unions
    Feature record: CXX_FEATURE:0cxx_user_literals
    Feature record: CXX_FEATURE:0cxx_variable_templates
    Feature record: CXX_FEATURE:0cxx_variadic_macros
    Feature record: CXX_FEATURE:0cxx_variadic_templates
Determining if the include file pthread.h exists passed with the following output:
Change Dir: /home/bigboi/Drone/FlightController/build/CMakeFiles/CMakeTmp

Run Build Command:"/usr/bin/make" "cmTC_2f6b2/fast"
/usr/bin/make -f CMakeFiles/cmTC_2f6b2.dir/build.make CMakeFiles/cmTC_2f6b2.dir/build
make[1]: Entering directory '/home/bigboi/Drone/FlightController/build/CMakeFiles/CMakeTmp'
Building C object CMakeFiles/cmTC_2f6b2.dir/CheckIncludeFile.c.o
/usr/bin/clang-6.0    -o CMakeFiles/cmTC_2f6b2.dir/CheckIncludeFile.c.o   -c /home/bigboi/Drone/FlightController/build/CMakeFiles/CMakeTmp/CheckIncludeFile.c
Linking C executable cmTC_2f6b2
/usr/bin/cmake -E cmake_link_script CMakeFiles/cmTC_2f6b2.dir/link.txt --verbose=1
/usr/bin/clang-6.0      -rdynamic CMakeFiles/cmTC_2f6b2.dir/CheckIncludeFile.c.o  -o cmTC_2f6b2 
make[1]: Leaving directory '/home/bigboi/Drone/FlightController/build/CMakeFiles/CMakeTmp'


Determining if the function pthread_create exists in the pthread passed with the following output:
Change Dir: /home/bigboi/Drone/FlightController/build/CMakeFiles/CMakeTmp

Run Build Command:"/usr/bin/make" "cmTC_ae2ca/fast"
/usr/bin/make -f CMakeFiles/cmTC_ae2ca.dir/build.make CMakeFiles/cmTC_ae2ca.dir/build
make[1]: Entering directory '/home/bigboi/Drone/FlightController/build/CMakeFiles/CMakeTmp'
Building C object CMakeFiles/cmTC_ae2ca.dir/CheckFunctionExists.c.o
/usr/bin/clang-6.0   -DCHECK_FUNCTION_EXISTS=pthread_create   -o CMakeFiles/cmTC_ae2ca.dir/CheckFunctionExists.c.o   -c /usr/share/cmake-3.10/Modules/CheckFunctionExists.c
Linking C executable cmTC_ae2ca
/usr/bin/cmake -E cmake_link_script CMakeFiles/cmTC_ae2ca.dir/link.txt --verbose=1
/usr/bin/clang-6.0  -DCHECK_FUNCTION_EXISTS=pthread_create    -rdynamic CMakeFiles/cmTC_ae2ca.dir/CheckFunctionExists.c.o  -o cmTC_ae2ca -lpthread 
make[1]: Leaving directory '/home/bigboi/Drone/FlightController/build/CMakeFiles/CMakeTmp'


Performing C++ SOURCE FILE Test COMPILER_HAS_HIDDEN_VISIBILITY succeeded with the following output:
Change Dir: /home/bigboi/Drone/FlightController/build/CMakeFiles/CMakeTmp

Run Build Command:"/usr/bin/make" "cmTC_e3668/fast"
/usr/bin/make -f CMakeFiles/cmTC_e3668.dir/build.make CMakeFiles/cmTC_e3668.dir/build
make[1]: Entering directory '/home/bigboi/Drone/FlightController/build/CMakeFiles/CMakeTmp'
Building CXX object CMakeFiles/cmTC_e3668.dir/src.cxx.o
/usr/bin/clang++-6.0    -Wall -lpthread -lrt -lpigpiod_if2 -lpigpio -DCOMPILER_HAS_HIDDEN_VISIBILITY   -fvisibility=hidden -o CMakeFiles/cmTC_e3668.dir/src.cxx.o -c /home/bigboi/Drone/FlightController/build/CMakeFiles/CMakeTmp/src.cxx
clang: warning: -lpthread: 'linker' input unused [-Wunused-command-line-argument]
clang: warning: -lrt: 'linker' input unused [-Wunused-command-line-argument]
clang: warning: -lpigpiod_if2: 'linker' input unused [-Wunused-command-line-argument]
clang: warning: -lpigpio: 'linker' input unused [-Wunused-command-line-argument]
Linking CXX executable cmTC_e3668
/usr/bin/cmake -E cmake_link_script CMakeFiles/cmTC_e3668.dir/link.txt --verbose=1
/usr/bin/clang++-6.0  -Wall -lpthread -lrt -lpigpiod_if2 -lpigpio -DCOMPILER_HAS_HIDDEN_VISIBILITY    -rdynamic CMakeFiles/cmTC_e3668.dir/src.cxx.o  -o cmTC_e3668 
make[1]: Leaving directory '/home/bigboi/Drone/FlightController/build/CMakeFiles/CMakeTmp'

Source file was:
int main() { return 0; }
Performing C++ SOURCE FILE Test COMPILER_HAS_HIDDEN_INLINE_VISIBILITY succeeded with the following output:
Change Dir: /home/bigboi/Drone/FlightController/build/CMakeFiles/CMakeTmp

Run Build Command:"/usr/bin/make" "cmTC_fce59/fast"
/usr/bin/make -f CMakeFiles/cmTC_fce59.dir/build.make CMakeFiles/cmTC_fce59.dir/build
make[1]: Entering directory '/home/bigboi/Drone/FlightController/build/CMakeFiles/CMakeTmp'
Building CXX object CMakeFiles/cmTC_fce59.dir/src.cxx.o
/usr/bin/clang++-6.0    -Wall -lpthread -lrt -lpigpiod_if2 -lpigpio -DCOMPILER_HAS_HIDDEN_INLINE_VISIBILITY   -fvisibility-inlines-hidden -o CMakeFiles/cmTC_fce59.dir/src.cxx.o -c /home/bigboi/Drone/FlightController/build/CMakeFiles/CMakeTmp/src.cxx
clang: warning: -lpthread: 'linker' input unused [-Wunused-command-line-argument]
clang: warning: -lrt: 'linker' input unused [-Wunused-command-line-argument]
clang: warning: -lpigpiod_if2: 'linker' input unused [-Wunused-command-line-argument]
clang: warning: -lpigpio: 'linker' input unused [-Wunused-command-line-argument]
Linking CXX executable cmTC_fce59
/usr/bin/cmake -E cmake_link_script CMakeFiles/cmTC_fce59.dir/link.txt --verbose=1
/usr/bin/clang++-6.0  -Wall -lpthread -lrt -lpigpiod_if2 -lpigpio -DCOMPILER_HAS_HIDDEN_INLINE_VISIBILITY    -rdynamic CMakeFiles/cmTC_fce59.dir/src.cxx.o  -o cmTC_fce59 
make[1]: Leaving directory '/home/bigboi/Drone/FlightController/build/CMakeFiles/CMakeTmp'

Source file was:
int main() { return 0; }
Performing C++ SOURCE FILE Test COMPILER_HAS_DEPRECATED_ATTR succeeded with the following output:
Change Dir: /home/bigboi/Drone/FlightController/build/CMakeFiles/CMakeTmp

Run Build Command:"/usr/bin/make" "cmTC_383a0/fast"
/usr/bin/make -f CMakeFiles/cmTC_383a0.dir/build.make CMakeFiles/cmTC_383a0.dir/build
make[1]: Entering directory '/home/bigboi/Drone/FlightController/build/CMakeFiles/CMakeTmp'
Building CXX object CMakeFiles/cmTC_383a0.dir/src.cxx.o
/usr/bin/clang++-6.0    -Wall -lpthread -lrt -lpigpiod_if2 -lpigpio -DCOMPILER_HAS_DEPRECATED_ATTR   -o CMakeFiles/cmTC_383a0.dir/src.cxx.o -c /home/bigboi/Drone/FlightController/build/CMakeFiles/CMakeTmp/src.cxx
clang: warning: -lpthread: 'linker' input unused [-Wunused-command-line-argument]
clang: warning: -lrt: 'linker' input unused [-Wunused-command-line-argument]
clang: warning: -lpigpiod_if2: 'linker' input unused [-Wunused-command-line-argument]
clang: warning: -lpigpio: 'linker' input unused [-Wunused-command-line-argument]
/home/bigboi/Drone/FlightController/build/CMakeFiles/CMakeTmp/src.cxx:2:25: warning: 'somefunc' is deprecated [-Wdeprecated-declarations]
    int main() { return somefunc();}
                        ^
/home/bigboi/Drone/FlightController/build/CMakeFiles/CMakeTmp/src.cxx:1:16: note: 'somefunc' has been explicitly marked deprecated here
__attribute__((__deprecated__)) int somefunc() { return 0; }
               ^
1 warning generated.
Linking CXX executable cmTC_383a0
/usr/bin/cmake -E cmake_link_script CMakeFiles/cmTC_383a0.dir/link.txt --verbose=1
/usr/bin/clang++-6.0  -Wall -lpthread -lrt -lpigpiod_if2 -lpigpio -DCOMPILER_HAS_DEPRECATED_ATTR    -rdynamic CMakeFiles/cmTC_383a0.dir/src.cxx.o  -o cmTC_383a0 
make[1]: Leaving directory '/home/bigboi/Drone/FlightController/build/CMakeFiles/CMakeTmp'

Source file was:
__attribute__((__deprecated__)) int somefunc() { return 0; }
    int main() { return somefunc();}
